<?xml version="1.0" encoding="UTF-8"?>
<testng-results skipped="0" failed="0" ignored="0" total="1" passed="1">
  <reporter-output>
  </reporter-output>
  <suite name="Training.FirstSeleniumJavaTest" duration-ms="42433" started-at="2021-01-17T03:20:48 EET" finished-at="2021-01-17T03:21:31 EET">
    <groups>
    </groups>
    <test name="Command line test" duration-ms="42433" started-at="2021-01-17T03:20:48 EET" finished-at="2021-01-17T03:21:31 EET">
      <class name="Training.FirstSeleniumJavaTest">
        <test-method status="PASS" signature="beforeTest()[pri:0, instance:Training.FirstSeleniumJavaTest@724af044]" name="beforeTest" is-config="true" duration-ms="5804" started-at="2021-01-17T03:20:49 EET" finished-at="2021-01-17T03:20:54 EET">
          <reporter-output>
          </reporter-output>
        </test-method> <!-- beforeTest -->
        <test-method status="PASS" signature="testEasy()[pri:0, instance:Training.FirstSeleniumJavaTest@724af044]" name="testEasy" duration-ms="35710" started-at="2021-01-17T03:20:54 EET" finished-at="2021-01-17T03:21:30 EET">
          <reporter-output>
          </reporter-output>
        </test-method> <!-- testEasy -->
        <test-method status="PASS" signature="afterTest()[pri:0, instance:Training.FirstSeleniumJavaTest@724af044]" name="afterTest" is-config="true" duration-ms="868" started-at="2021-01-17T03:21:30 EET" finished-at="2021-01-17T03:21:31 EET">
          <reporter-output>
          </reporter-output>
        </test-method> <!-- afterTest -->
      </class> <!-- Training.FirstSeleniumJavaTest -->
    </test> <!-- Command line test -->
  </suite> <!-- Training.FirstSeleniumJavaTest -->
</testng-results>
